Build started 08/04/2019 13:59:00.
     1>Project "C:\Users\usuario\Documents\Visual Studio 2010\Projects\tarea\tarea\tarea.vcxproj" on node 2 (build target(s)).
     1>InitializeBuildStatus:
         Creating "Debug\tarea.unsuccessfulbuild" because "AlwaysCreate" was specified.
       ClCompile:
         All outputs are up-to-date.
         c:\Program Files (x86)\Microsoft Visual Studio 10.0\VC\bin\CL.exe /c /ZI /nologo /W3 /WX- /Od /Oy- /D WIN32 /D _DEBUG /D _CONSOLE /D _UNICODE /D UNICODE /Gm /EHsc /RTC1 /MDd /GS /fp:precise /Zc:wchar_t /Zc:forScope /Yu"StdAfx.h" /Fp"Debug\tarea.pch" /Fo"Debug\\" /Fd"Debug\vc100.pdb" /Gd /TP /analyze- /errorReport:prompt tarea.cpp vectores.cpp
         tarea.cpp
         Generating Code...
         Compiling...
         vectores.cpp
         Generating Code...
       ManifestResourceCompile:
         All outputs are up-to-date.
       Link:
         c:\Program Files (x86)\Microsoft Visual Studio 10.0\VC\bin\link.exe /ERRORREPORT:PROMPT /OUT:"C:\Users\usuario\Documents\Visual Studio 2010\Projects\tarea\Debug\tarea.exe" /INCREMENTAL /NOLOGO kernel32.lib user32.lib gdi32.lib winspool.lib comdlg32.lib advapi32.lib shell32.lib ole32.lib oleaut32.lib uuid.lib odbc32.lib odbccp32.lib /MANIFEST /ManifestFile:"Debug\tarea.exe.intermediate.manifest" /MANIFESTUAC:"level='asInvoker' uiAccess='false'" /DEBUG /PDB:"C:\Users\usuario\Documents\Visual Studio 2010\Projects\tarea\Debug\tarea.pdb" /SUBSYSTEM:CONSOLE /TLBID:1 /DYNAMICBASE /NXCOMPAT /IMPLIB:"C:\Users\usuario\Documents\Visual Studio 2010\Projects\tarea\Debug\tarea.lib" /MACHINE:X86 Debug\tarea.exe.embed.manifest.res
         Debug\naturales.obj
         Debug\stdafx.obj
         Debug\tarea.obj
         Debug\vectores.obj
       Manifest:
         C:\Program Files (x86)\Microsoft SDKs\Windows\v7.0A\bin\mt.exe /nologo /verbose /out:"Debug\tarea.exe.embed.manifest" /manifest Debug\tarea.exe.intermediate.manifest
         All outputs are up-to-date.
       LinkEmbedManifest:
         All outputs are up-to-date.
         tarea.vcxproj -> C:\Users\usuario\Documents\Visual Studio 2010\Projects\tarea\Debug\tarea.exe
       FinalizeBuildStatus:
         Deleting file "Debug\tarea.unsuccessfulbuild".
         Touching "Debug\tarea.lastbuildstate".
     1>Done Building Project "C:\Users\usuario\Documents\Visual Studio 2010\Projects\tarea\tarea\tarea.vcxproj" (build target(s)).

Build succeeded.

Time Elapsed 00:00:01.13
